<?xml version="1.0" encoding="UTF-8"?>
<testng-results ignored="0" total="1" passed="1" failed="0" skipped="0">
  <reporter-output>
  </reporter-output>
  <suite started-at="2026-06-07T22:10:09 IST" name="Jenkins Suite" finished-at="2026-06-07T22:10:41 IST" duration-ms="31413">
    <groups>
    </groups>
    <test started-at="2026-06-07T22:10:09 IST" name="Login Test" finished-at="2026-06-07T22:10:41 IST" duration-ms="31413">
      <class name="login">
        <test-method is-config="true" signature="setup()[pri:0, instance:login@527e5409]" started-at="2026-06-07T22:10:09 IST" name="setup" finished-at="2026-06-07T22:10:39 IST" duration-ms="29389" status="PASS">
          <reporter-output>
          </reporter-output>
        </test-method> <!-- setup -->
        <test-method signature="userLogin()[pri:0, instance:login@527e5409]" started-at="2026-06-07T22:10:39 IST" name="userLogin" finished-at="2026-06-07T22:10:40 IST" duration-ms="1127" status="PASS">
          <reporter-output>
          </reporter-output>
        </test-method> <!-- userLogin -->
        <test-method is-config="true" signature="tearDown()[pri:0, instance:login@527e5409]" started-at="2026-06-07T22:10:40 IST" name="tearDown" finished-at="2026-06-07T22:10:41 IST" duration-ms="821" status="PASS">
          <reporter-output>
          </reporter-output>
        </test-method> <!-- tearDown -->
      </class> <!-- login -->
    </test> <!-- Login Test -->
  </suite> <!-- Jenkins Suite -->
</testng-results>
